C51 COMPILER V9.01   BAN                                                                   01/03/2019 14:02:02 PAGE 1   


C51 COMPILER V9.01, COMPILATION OF MODULE BAN
OBJECT MODULE PLACED IN ban.OBJ
COMPILER INVOKED BY: F:\µ¥Æ¬»ú\C51\BIN\C51.EXE ban.c BROWSE DEBUG OBJECTEXTEND

line level    source

   1          #include <REG52.H>    
   2          #include <INTRINS.H>    
   3           
   4          sbit Beep =  P1^5 ; 
   5          unsigned char n = 0; 
   6             
   7          unsigned char code music[] ={   
   8          0x18, 0x30, 0x1C , 0x10,    
   9          0x20, 0x40, 0x1C , 0x10,   
  10          0x18, 0x10, 0x20 , 0x10,   
  11          0x1C, 0x10, 0x18 , 0x40,   
  12          0x1C, 0x20, 0x20 , 0x20,   
  13          0x1C, 0x20, 0x18 , 0x20,   
  14          0x20, 0x80, 0xFF , 0x20,   
  15          0x30, 0x1C, 0x10 , 0x18,   
  16          0x20, 0x15, 0x20 , 0x1C,   
  17          0x20, 0x20, 0x20 , 0x26,   
  18          0x40, 0x20, 0x20 , 0x2B,   
  19          0x20, 0x26, 0x20 , 0x20,   
  20          0x20, 0x30, 0x80 , 0xFF,   
  21          0x20, 0x20, 0x1C , 0x10,   
  22          0x18, 0x10, 0x20 , 0x20,   
  23          0x26, 0x20, 0x2B , 0x20,   
  24          0x30, 0x20, 0x2B , 0x40,   
  25          0x20, 0x20, 0x1C , 0x10,   
  26          0x18, 0x10, 0x20 , 0x20,   
  27          0x26, 0x20, 0x2B , 0x20,   
  28          0x30, 0x20, 0x2B , 0x40,   
  29          0x20, 0x30, 0x1C , 0x10,   
  30          0x18, 0x20, 0x15 , 0x20,   
  31          0x1C, 0x20, 0x20 , 0x20,   
  32          0x26, 0x40, 0x20 , 0x20,   
  33          0x2B, 0x20, 0x26 , 0x20,   
  34          0x20, 0x20, 0x30 , 0x80,   
  35          0x20, 0x30, 0x1C , 0x10,   
  36          0x20, 0x10, 0x1C , 0x10,   
  37          0x20, 0x20, 0x26 , 0x20,   
  38          0x2B, 0x20, 0x30 , 0x20,   
  39          0x2B, 0x40, 0x20 , 0x15,   
  40          0x1F, 0x05, 0x20 , 0x10,   
  41          0x1C, 0x10, 0x20 , 0x20,   
  42          0x26, 0x20, 0x2B , 0x20,   
  43          0x30, 0x20, 0x2B , 0x40,   
  44          0x20, 0x30, 0x1C , 0x10,   
  45          0x18, 0x20, 0x15 , 0x20,   
  46          0x1C, 0x20, 0x20 , 0x20,   
  47          0x26, 0x40, 0x20 , 0x20,   
  48          0x2B, 0x20, 0x26 , 0x20,   
  49          0x20, 0x20, 0x30 , 0x30,   
  50          0x20, 0x30, 0x1C , 0x10,   
  51          0x18, 0x40, 0x1C , 0x20,   
  52          0x20, 0x20, 0x26 , 0x40,   
  53          0x13, 0x60, 0x18 , 0x20,   
  54          0x15, 0x40, 0x13 , 0x40,   
  55          0x18, 0x80, 0x00   
C51 COMPILER V9.01   BAN                                                                   01/03/2019 14:02:02 PAGE 2   

  56          };   
  57           
  58            
  59          void int0()  interrupt 1   
  60          {
  61   1              TH0 = 0xd8;   
  62   1              TL0 = 0xf0;   
  63   1              n--;   
  64   1      }
  65           
  66          void delay (unsigned char m)   //ÆµÂÊÑÓÊ±    
  67          {   
  68   1              unsigned i=3*m;   
  69   1              while(--i);   
  70   1      } 
  71           
  72          void BeepTone(unsigned char tone, unsigned char beat)   
  73          {
  74   1              n = beat;
  75   1              TR0 = 1; 
  76   1              while(n != 0) 
  77   1              {
  78   2                      Beep = ~Beep;
  79   2                      delay(tone);
  80   2              }
  81   1              TR0 = 0; 
  82   1      }
  83             
  84           
  85          void Delay10ms(unsigned int c)   //ºÁÃëÑÓ³Ù
  86          {
  87   1          unsigned char a, b;
  88   1       
  89   1          for (;c>0;c--)
  90   1              {
  91   2                      for (b=38;b>0;b--)
  92   2                      {
  93   3                              for (a=130;a>0;a--);
  94   3                      }
  95   2                 
  96   2              }       
  97   1      }
  98           
  99           
 100          void InitTimer0()
 101          {
 102   1              TMOD = 0x01; 
 103   1              TH0 = 0xd8;     
 104   1              TL0 = 0xf0; 
 105   1              IE=0x82;  
 106   1      }
 107           
 108          void PlaySong()
 109          {
 110   1              unsigned char i=0;
 111   1              unsigned char tmpTone = 0;
 112   1       
 113   1              while(1)   
 114   1              {
 115   2                      tmpTone = music[i]; 
 116   2                      if(tmpTone == 0x00)  
 117   2                      {
C51 COMPILER V9.01   BAN                                                                   01/03/2019 14:02:02 PAGE 3   

 118   3                              return;
 119   3                      }       
 120   2                      else if(tmpTone == 0xff)  
 121   2                      { 
 122   3                              ++i;
 123   3                              Delay10ms(10),
 124   3                              TR0=0; 
 125   3                              continue;
 126   3                      }      
 127   2              else 
 128   2                      {
 129   3                              unsigned char tone, beat;
 130   3                              tone = music[i++];
 131   3                              beat = music[i++];
 132   3                              BeepTone(tone, beat);   
 133   3                      }
 134   2              }   
 135   1      }
 136           
 137           
 138             
 139          void main()   
 140          {
 141   1              InitTimer0();
 142   1              while(1)   
 143   1              {
 144   2                      PlaySong();
 145   2                      Delay10ms(300); 
 146   2              }   
 147   1      }  


MODULE INFORMATION:   STATIC OVERLAYABLE
   CODE SIZE        =    153    ----
   CONSTANT SIZE    =    191    ----
   XDATA SIZE       =   ----    ----
   PDATA SIZE       =   ----    ----
   DATA SIZE        =      1       2
   IDATA SIZE       =   ----    ----
   BIT SIZE         =   ----    ----
END OF MODULE INFORMATION.


C51 COMPILATION COMPLETE.  0 WARNING(S),  0 ERROR(S)
